<?xml version="1.0" encoding="UTF-8"?>

<beans xmlns="http://www.springframework.org/schema/beans"
     xmlns:xsi="http://www.w3.org/2001/XMLSchema-instance"
     xsi:schemaLocation="http://www.springframework.org/schema/beans http://www.springframework.org/schema/beans/spring-beans-2.5.xsd"
     default-lazy-init="false" default-autowire="no" default-dependency-check="none">

    <bean id="sessionFactory" class="org.springframework.orm.hibernate3.LocalSessionFactoryBean"
		lazy-init="default" autowire="default" dependency-check="default">
		
        <property name="dataSource">
            <ref local="dataSource" />
        </property>
		
        <property name="mappingLocations" >
            <list>
                <value>mapping/org/assembly/model/*/*.hbm.xml</value>
            </list>
        </property>

        <property name="hibernateProperties">
            <props>
                <prop key="hibernate.show_sql">true</prop>
                <prop key="hibernate.format_sql">true</prop>
                <prop key="hibernate.use_sql_comments">false</prop>
                 <prop key="hibernate.dialect">org.hibernate.dialect.HSQLDialect</prop> 
               <!--  <prop key="hibernate.dialect">org.hibernate.dialect.MySQL5InnoDBDialect</prop> -->
                <prop key="hibernate.hbm2ddl.auto">create-drop</prop>
				
                <prop key="hibernate.cglib.use_reflection_optimizer">true</prop>
                <prop key="hibernate.connection.autocommit">false</prop>
                <prop key="hibernate.query.factory_class">org.hibernate.hql.ast.ASTQueryTranslatorFactory</prop>
            </props>
        </property>
		
    </bean>
	<!--
	
	<bean id="dataSource" class="org.enhydra.jdbc.pool.StandardXAPoolDataSource" destroy-method="shutdown">
		<property name="dataSource">
			<bean class="org.enhydra.jdbc.standard.StandardXADataSource" destroy-method="shutdown">
				<property name="transactionManager" ref="jotm" />
				<property name="driverName" value="org.hsqldb.jdbcDriver" />
				<property name="url" value="jdbc:hsqldb:mem:testDB" />
			</bean>
		</property>
		<property name="user" value="sa"/>
		<property name="password" value=""/>
	</bean>
	-->
    <bean id="dataSource" class="org.apache.commons.dbcp.BasicDataSource" destroy-method="close">
        <property name="driverClassName" value="org.hsqldb.jdbcDriver" />
        <property name="url" value="jdbc:hsqldb:mem:testDB" />
        <property name="username" value="sa"/>
        <property name="password" value=""/>

        <property name="defaultAutoCommit">
            <value>false</value>
        </property>

        <property name="poolPreparedStatements">
            <value>true</value>
        </property>
        
        <property name="initialSize">
            <value>1</value>
        </property>
        
        <property name="maxActive">
            <value>90</value>
        </property>
        
        <property name="maxIdle">
            <value>50</value>
        </property>
    </bean>
	
	<!--
	<bean id="dataSource" class="org.apache.commons.dbcp.BasicDataSource" destroy-method="close">
            <property name="driverClassName" value="com.mysql.jdbc.Driver" />
            <property name="url" value="jdbc:mysql://localhost:3306/nornaTest" />
            <property name="username" value="root" />
            <property name="password" value="" />
            <property name="initialSize" value="5" />
            <property name="maxActive" value="10" />
            <property name="defaultAutoCommit" value="false" />
            <property name="poolPreparedStatements" value="true" />
	</bean>
	-->
</beans>
